<?xml version="1.0" encoding="utf-8"?><testsuites><testsuite name="pytest" errors="0" failures="0" skipped="0" tests="2" time="16.355" timestamp="2023-02-27T23:40:39.649015" hostname="nityagautam.local"><testcase classname="src.tests.sanity.test_google_search.TestGoogleSearch" name="test_search_google_and_browse_first_result" time="15.421" /><testcase classname="src.tests.sanity.test_google_search.TestGoogleSearch" name="test_sample" time="0.833" /></testsuite></testsuites>