<?xml version="1.0" encoding="utf-8"?><testsuites><testsuite name="pytest" errors="0" failures="0" skipped="0" tests="4" time="49.306" timestamp="2023-03-08T23:22:33.193172" hostname="nityagautam.local"><testcase classname="src.tests.sanity.test_google_search.TestGoogleSearch" name="test_search_google_and_browse_first_result" time="22.226" /><testcase classname="src.tests.sanity.test_google_search.TestGoogleSearch" name="test_sample" time="2.042" /><testcase classname="src.tests.sanity.test_google_search2.TestGoogleSearch" name="test_search_google_and_browse_first_result" time="21.683" /><testcase classname="src.tests.sanity.test_google_search2.TestGoogleSearch" name="test_sample" time="1.966" /></testsuite></testsuites>